<?xml version="1.0" encoding="UTF-8"?>
<testsuite xmlns:xsi="http://www.w3.org/2001/XMLSchema-instance" xsi:noNamespaceSchemaLocation="https://maven.apache.org/surefire/maven-surefire-plugin/xsd/surefire-test-report.xsd" name="com.example.loomreactor.ProtocolTest" time="0.001" tests="3" errors="0" skipped="0" failures="0">
  <properties>
[...]
</properties>
  <testcase name="testParseLine" classname="com.example.loomreactor.ProtocolTest" time="0.001"/>
  <testcase name="testEscape" classname="com.example.loomreactor.ProtocolTest" time="0"/>
  <testcase name="testFormatBroadcast" classname="com.example.loomreactor.ProtocolTest" time="0"/>
</testsuite>